<?xml version="1.0" encoding="UTF-8"?>
<!-- Generated by org.testng.reporters.JUnitReportReporter -->
<testsuite name="com.amind.NewTest" tests="4" time="230.586" ignored="0" failures="0" timestamp="15 Aug 2017 17:36:15 GMT" skipped="0" hostname="NJCDTL01CD119M" errors="0">
  <testcase name="OpptyPageStart" time="64.283" classname="com.amind.NewTest"/>
  <testcase name="OrderHandOff" time="93.134" classname="com.amind.NewTest"/>
  <testcase name="MDSFlowStart" time="17.244" classname="com.amind.NewTest"/>
  <testcase name="Login" time="55.925" classname="com.amind.NewTest"/>
</testsuite> <!-- com.amind.NewTest -->
